<?xml version="1.0" encoding="UTF-8"?>
<testsuite xmlns:xsi="http://www.w3.org/2001/XMLSchema-instance" xsi:noNamespaceSchemaLocation="https://maven.apache.org/surefire/maven-surefire-plugin/xsd/surefire-test-report-3.0.xsd" version="3.0" name="runner.TestMyRunner" time="77.275" tests="14" errors="0" skipped="0" failures="0">
  <properties>
[...]
</properties>
  <testcase name="Login with valid credentials #1" classname="Login Functionality" time="5.402">
    <system-out><![CDATA[
Scenario Outline: Login with valid credentials                       # src/test/resource/features/LoginApp.feature:11
  Given User has navigated to login page                             # stepDefination.LoginApp.user_has_navigated_to_login_page()
  When User enters valid email address akk@test.com into email field # stepDefination.LoginApp.user_enters_valid_email_address_into_email_field(java.lang.String)
  And User enters valid password address ak123 into password field   # stepDefination.LoginApp.user_enters_valid_password_address_into_password_field(java.lang.String)
  And User clicks on login button                                    # stepDefination.LoginApp.user_clicks_on_login_button()
  Then User should get successfully logged in                        # stepDefination.LoginApp.user_should_get_successfully_logged_in()
]]></system-out>
    <system-err><![CDATA[Mar 29, 2025 3:51:35 PM org.openqa.selenium.devtools.CdpVersionFinder findNearestMatch
WARNING: Unable to find an exact match for CDP version 134, returning the closest version; found: 133; Please update to a Selenium version that supports CDP version 134
]]></system-err>
  </testcase>
  <testcase name="Login with valid credentials #2" classname="Login Functionality" time="8.635">
    <system-out><![CDATA[
Scenario Outline: Login with valid credentials                           # src/test/resource/features/LoginApp.feature:12
  Given User has navigated to login page                                 # stepDefination.LoginApp.user_has_navigated_to_login_page()
  When User enters valid email address virat@sharma.com into email field # stepDefination.LoginApp.user_enters_valid_email_address_into_email_field(java.lang.String)
  And User enters valid password address 12345 into password field       # stepDefination.LoginApp.user_enters_valid_password_address_into_password_field(java.lang.String)
  And User clicks on login button                                        # stepDefination.LoginApp.user_clicks_on_login_button()
  Then User should get successfully logged in                            # stepDefination.LoginApp.user_should_get_successfully_logged_in()
]]></system-out>
    <system-err><![CDATA[Mar 29, 2025 3:51:39 PM org.openqa.selenium.devtools.CdpVersionFinder findNearestMatch
WARNING: Unable to find an exact match for CDP version 134, returning the closest version; found: 133; Please update to a Selenium version that supports CDP version 134
]]></system-err>
  </testcase>
  <testcase name="Login with invalid credentials" classname="Login Functionality" time="8.031">
    <system-out><![CDATA[
Scenario: Login with invalid credentials                                 # src/test/resource/features/LoginApp.feature:16
  Given User has navigated to login page                                 # stepDefination.LoginApp.user_has_navigated_to_login_page()
  When User enters invalid email address into email field                # stepDefination.LoginApp.user_enters_invalid_email_address_into_email_field()
  And User enters invalid password address "ak12345" into password field # stepDefination.LoginApp.user_enters_invalid_password_address_into_password_field(java.lang.String)
  And User clicks on login button                                        # stepDefination.LoginApp.user_clicks_on_login_button()
  Then User should get proper warning message about credentials mismatch # stepDefination.LoginApp.user_should_get_proper_warning_message_about_credentials_mismatch()
]]></system-out>
    <system-err><![CDATA[Mar 29, 2025 3:51:48 PM org.openqa.selenium.devtools.CdpVersionFinder findNearestMatch
WARNING: Unable to find an exact match for CDP version 134, returning the closest version; found: 133; Please update to a Selenium version that supports CDP version 134
]]></system-err>
  </testcase>
  <testcase name="Login with valid email and invalid password" classname="Login Functionality" time="5.198">
    <system-out><![CDATA[
Scenario: Login with valid email and invalid password                    # src/test/resource/features/LoginApp.feature:23
  Given User has navigated to login page                                 # stepDefination.LoginApp.user_has_navigated_to_login_page()
  When User enters valid email address "akk@test.com" into email field   # stepDefination.LoginApp.user_enters_valid_email_address_into_email_field(java.lang.String)
  And User enters invalid password address "ak12345" into password field # stepDefination.LoginApp.user_enters_invalid_password_address_into_password_field(java.lang.String)
  And User clicks on login button                                        # stepDefination.LoginApp.user_clicks_on_login_button()
  Then User should get proper warning message about credentials mismatch # stepDefination.LoginApp.user_should_get_proper_warning_message_about_credentials_mismatch()
]]></system-out>
    <system-err><![CDATA[Mar 29, 2025 3:51:56 PM org.openqa.selenium.devtools.CdpVersionFinder findNearestMatch
WARNING: Unable to find an exact match for CDP version 134, returning the closest version; found: 133; Please update to a Selenium version that supports CDP version 134
]]></system-err>
  </testcase>
  <testcase name="Login with invalid email and valid password" classname="Login Functionality" time="5.634">
    <system-out><![CDATA[
Scenario: Login with invalid email and valid password                    # src/test/resource/features/LoginApp.feature:30
  Given User has navigated to login page                                 # stepDefination.LoginApp.user_has_navigated_to_login_page()
  When User enters invalid email address into email field                # stepDefination.LoginApp.user_enters_invalid_email_address_into_email_field()
  And User enters valid password address "ak123" into password field     # stepDefination.LoginApp.user_enters_valid_password_address_into_password_field(java.lang.String)
  And User clicks on login button                                        # stepDefination.LoginApp.user_clicks_on_login_button()
  Then User should get proper warning message about credentials mismatch # stepDefination.LoginApp.user_should_get_proper_warning_message_about_credentials_mismatch()
]]></system-out>
    <system-err><![CDATA[Mar 29, 2025 3:52:01 PM org.openqa.selenium.devtools.CdpVersionFinder findNearestMatch
WARNING: Unable to find an exact match for CDP version 134, returning the closest version; found: 133; Please update to a Selenium version that supports CDP version 134
]]></system-err>
  </testcase>
  <testcase name="Login without providing any credentials" classname="Login Functionality" time="3.849">
    <system-out><![CDATA[
Scenario: Login without providing any credentials                        # src/test/resource/features/LoginApp.feature:37
  Given User has navigated to login page                                 # stepDefination.LoginApp.user_has_navigated_to_login_page()
  When User dont enter email into email field                            # stepDefination.LoginApp.user_dont_enter_email_into_email_field()
  And User dont enter password into password field                       # stepDefination.LoginApp.user_dont_enter_password_into_password_field()
  And User clicks on login button                                        # stepDefination.LoginApp.user_clicks_on_login_button()
  Then User should get proper warning message about credentials mismatch # stepDefination.LoginApp.user_should_get_proper_warning_message_about_credentials_mismatch()
]]></system-out>
    <system-err><![CDATA[Mar 29, 2025 3:52:06 PM org.openqa.selenium.devtools.CdpVersionFinder findNearestMatch
WARNING: Unable to find an exact match for CDP version 134, returning the closest version; found: 133; Please update to a Selenium version that supports CDP version 134
]]></system-err>
  </testcase>
  <testcase name="Verify if user is able to place the order" classname="End to End scenario for placing order" time="12.601">
    <system-out><![CDATA[
Scenario: Verify if user is able to place the order                     # src/test/resource/features/OrderApp.feature:3
  Given User login to the application                                   # stepDefination.OrderApp.user_login_to_the_application()
  When User enters valid email address "akk@test.com" into email field. # stepDefination.OrderApp.user_enters_valid_email_address_into_email_field(java.lang.String)
  And User enters valid password address "ak123" into password field.   # stepDefination.OrderApp.user_enters_valid_password_address_into_password_field(java.lang.String)
  And User clicks on login button.                                      # stepDefination.OrderApp.user_clicks_on_login_button()
  When User add a product "HP LP3065" to a bag and checkout             # stepDefination.OrderApp.user_add_a_product_to_a_bag_and_checkout(java.lang.String)
  And User place an order                                               # stepDefination.OrderApp.user_place_an_order()
  Then User should see the order placed successfully                    # stepDefination.OrderApp.user_should_see_the_order_placed_successfully()
]]></system-out>
    <system-err><![CDATA[Mar 29, 2025 3:52:10 PM org.openqa.selenium.devtools.CdpVersionFinder findNearestMatch
WARNING: Unable to find an exact match for CDP version 134, returning the closest version; found: 133; Please update to a Selenium version that supports CDP version 134
]]></system-err>
  </testcase>
  <testcase name="User creates account only with mandotary fields" classname="Registartion functionality" time="4.342">
    <system-out><![CDATA[
Scenario: User creates account only with mandotary fields # src/test/resource/features/RegisterApp.feature:3
  Given User navigates to Register Account page           # stepDefination.RegisterApp.user_navigates_to_register_account_page()
  When User enters details in below fields                # stepDefination.RegisterApp.user_enters_details_in_below_fields(io.cucumber.datatable.DataTable)
    | firstName | Virat      |
    | lastName  | Sharma     |
    | telephone | 1234567890 |
    | password  | 12345      |
  And User select Provacy Policy                          # stepDefination.RegisterApp.user_select_provacy_policy()
  And User clicks on Continue button                      # stepDefination.RegisterApp.user_clicks_on_continue_button()
  Then User account should get created successfully       # stepDefination.RegisterApp.user_account_should_get_created_successfully()
]]></system-out>
    <system-err><![CDATA[Mar 29, 2025 3:52:23 PM org.openqa.selenium.devtools.CdpVersionFinder findNearestMatch
WARNING: Unable to find an exact match for CDP version 134, returning the closest version; found: 133; Please update to a Selenium version that supports CDP version 134
]]></system-err>
  </testcase>
  <testcase name="User creates account only with all fields" classname="Registartion functionality" time="4.515">
    <system-out><![CDATA[
Scenario: User creates account only with all fields # src/test/resource/features/RegisterApp.feature:15
  Given User navigates to Register Account page     # stepDefination.RegisterApp.user_navigates_to_register_account_page()
  When User enters details in below fields          # stepDefination.RegisterApp.user_enters_details_in_below_fields(io.cucumber.datatable.DataTable)
    | firstName | Virat      |
    | lastName  | Sharma     |
    | telephone | 1234567890 |
    | password  | 12345      |
  And User selects Yes for Newsletter               # stepDefination.RegisterApp.user_selects_yes_for_newsletter()
  And User select Provacy Policy                    # stepDefination.RegisterApp.user_select_provacy_policy()
  And User clicks on Continue button                # stepDefination.RegisterApp.user_clicks_on_continue_button()
  Then User account should get created successfully # stepDefination.RegisterApp.user_account_should_get_created_successfully()
]]></system-out>
    <system-err><![CDATA[Mar 29, 2025 3:52:27 PM org.openqa.selenium.devtools.CdpVersionFinder findNearestMatch
WARNING: Unable to find an exact match for CDP version 134, returning the closest version; found: 133; Please update to a Selenium version that supports CDP version 134
]]></system-err>
  </testcase>
  <testcase name="User creates duplicate account" classname="Registartion functionality" time="4.336">
    <system-out><![CDATA[
Scenario: User creates duplicate account                        # src/test/resource/features/RegisterApp.feature:28
  Given User navigates to Register Account page                 # stepDefination.RegisterApp.user_navigates_to_register_account_page()
  When User enters details in below fields with duplicate email # stepDefination.RegisterApp.User_enters_details_in_below_fields_with_duplicate_email(io.cucumber.datatable.DataTable)
    | firstName | Virat            |
    | lastName  | Sharma           |
    | email     | virat@sharma.com |
    | telephone | 1234567890       |
    | password  | 12345            |
  And User selects Yes for Newsletter                           # stepDefination.RegisterApp.user_selects_yes_for_newsletter()
  And User select Provacy Policy                                # stepDefination.RegisterApp.user_select_provacy_policy()
  And User clicks on Continue button                            # stepDefination.RegisterApp.user_clicks_on_continue_button()
  Then User should get proper warning about duplicate email     # stepDefination.RegisterApp.user_should_get_proper_warning_about_duplicate_email()
]]></system-out>
    <system-err><![CDATA[Mar 29, 2025 3:52:32 PM org.openqa.selenium.devtools.CdpVersionFinder findNearestMatch
WARNING: Unable to find an exact match for CDP version 134, returning the closest version; found: 133; Please update to a Selenium version that supports CDP version 134
]]></system-err>
  </testcase>
  <testcase name="User creates account without filling any details" classname="Registartion functionality" time="3.578">
    <system-out><![CDATA[
Scenario: User creates account without filling any details               # src/test/resource/features/RegisterApp.feature:43
  Given User navigates to Register Account page                          # stepDefination.RegisterApp.user_navigates_to_register_account_page()
  When User dont enters any details into fields                          # stepDefination.RegisterApp.user_dont_enters_any_details_into_fields()
  And User clicks on Continue button                                     # stepDefination.RegisterApp.user_clicks_on_continue_button()
  Then User should get proper warning message for every mandatory fields # stepDefination.RegisterApp.user_should_get_proper_warning_message_for_every_mandatory_fields()
]]></system-out>
    <system-err><![CDATA[Mar 29, 2025 3:52:36 PM org.openqa.selenium.devtools.CdpVersionFinder findNearestMatch
WARNING: Unable to find an exact match for CDP version 134, returning the closest version; found: 133; Please update to a Selenium version that supports CDP version 134
]]></system-err>
  </testcase>
  <testcase name="User searches for valid product" classname="Search Functionality" time="3.123">
    <system-out><![CDATA[
Scenario: User searches for valid product                        # src/test/resource/features/SearchApp.feature:3
  Given User opens the application                               # stepDefination.SearchApp.user_opens_the_application()
  When User enters valid product "HP" into search box field      # stepDefination.SearchApp.user_enters_valid_product_into_search_box_field(java.lang.String)
  And User clicks on Search button                               # stepDefination.SearchApp.user_clicks_on_search_button()
  Then User should get valid product displayed in search results # stepDefination.SearchApp.user_should_get_valid_product_displayed_in_search_results()
]]></system-out>
    <system-err><![CDATA[Mar 29, 2025 3:52:40 PM org.openqa.selenium.devtools.CdpVersionFinder findNearestMatch
WARNING: Unable to find an exact match for CDP version 134, returning the closest version; found: 133; Please update to a Selenium version that supports CDP version 134
]]></system-err>
  </testcase>
  <testcase name="User searches for an invalid product" classname="Search Functionality" time="2.748">
    <system-out><![CDATA[
Scenario: User searches for an invalid product                   # src/test/resource/features/SearchApp.feature:10
  Given User opens the application                               # stepDefination.SearchApp.user_opens_the_application()
  When User enters invalid product "Honda" into search box field # stepDefination.SearchApp.user_enters_invalid_product_into_search_box_field(java.lang.String)
  And User clicks on Search button                               # stepDefination.SearchApp.user_clicks_on_search_button()
  Then User should get message about no product matching         # stepDefination.SearchApp.user_should_get_message_about_no_product_matching()
]]></system-out>
    <system-err><![CDATA[Mar 29, 2025 3:52:43 PM org.openqa.selenium.devtools.CdpVersionFinder findNearestMatch
WARNING: Unable to find an exact match for CDP version 134, returning the closest version; found: 133; Please update to a Selenium version that supports CDP version 134
]]></system-err>
  </testcase>
  <testcase name="User searches without any product" classname="Search Functionality" time="2.618">
    <system-out><![CDATA[
Scenario: User searches without any product               # src/test/resource/features/SearchApp.feature:17
  Given User opens the application                        # stepDefination.SearchApp.user_opens_the_application()
  When User dont enters any product into search box field # stepDefination.SearchApp.user_dont_enters_any_product_into_search_box_field()
  And User clicks on Search button                        # stepDefination.SearchApp.user_clicks_on_search_button()
  Then User should get message about no product matching  # stepDefination.SearchApp.user_should_get_message_about_no_product_matching()
]]></system-out>
    <system-err><![CDATA[Mar 29, 2025 3:52:46 PM org.openqa.selenium.devtools.CdpVersionFinder findNearestMatch
WARNING: Unable to find an exact match for CDP version 134, returning the closest version; found: 133; Please update to a Selenium version that supports CDP version 134
]]></system-err>
  </testcase>
</testsuite>